# JRE version: Java(TM) SE Runtime Environment (8.0_181-b13) (build 1.8.0_181-b13)
# Java VM: Java HotSpot(TM) 64-Bit Server VM (25.181-b13 mixed mode bsd-amd64 compressed oops)
Heap:
 PSYoungGen      total 272896K, used 75169K [0x000000076ab00000, 0x000000077f900000, 0x00000007c0000000)
  eden space 262144K, 28% used [0x000000076ab00000,0x000000076f468770,0x000000077ab00000)
  from space 10752K, 0% used [0x000000077ab00000,0x000000077ab00000,0x000000077b580000)
  to   space 27136K, 0% used [0x000000077de80000,0x000000077de80000,0x000000077f900000)
 ParOldGen       total 215552K, used 38125K [0x00000006c0000000, 0x00000006cd280000, 0x000000076ab00000)
  object space 215552K, 17% used [0x00000006c0000000,0x00000006c253b408,0x00000006cd280000)
 Metaspace       used 54464K, capacity 55296K, committed 55552K, reserved 1095680K
  class space    used 8543K, capacity 8841K, committed 8960K, reserved 1048576K
GC Heap History (10 events):
Event: 1.814 GC heap before
{Heap before GC invocations=3 (full 0):
 PSYoungGen      total 141824K, used 49773K [0x000000076ab00000, 0x0000000774000000, 0x00000007c0000000)
  eden space 131072K, 30% used [0x000000076ab00000,0x000000076d1b65b8,0x0000000772b00000)
  from space 10752K, 94% used [0x0000000773580000,0x0000000773f64f48,0x0000000774000000)
  to   space 10752K, 0% used [0x0000000772b00000,0x0000000772b00000,0x0000000773580000)
 ParOldGen       total 175104K, used 24K [0x00000006c0000000, 0x00000006cab00000, 0x000000076ab00000)
  object space 175104K, 0% used [0x00000006c0000000,0x00000006c0006000,0x00000006cab00000)
 Metaspace       used 20844K, capacity 21184K, committed 21296K, reserved 1069056K
  class space    used 2567K, capacity 2676K, committed 2688K, reserved 1048576K
Event: 1.826 GC heap after
Heap after GC invocations=3 (full 0):
 PSYoungGen      total 141824K, used 10077K [0x000000076ab00000, 0x000000077c000000, 0x00000007c0000000)
  eden space 131072K, 0% used [0x000000076ab00000,0x000000076ab00000,0x0000000772b00000)
  from space 10752K, 93% used [0x0000000772b00000,0x00000007734d7530,0x0000000773580000)
  to   space 10752K, 0% used [0x000000077b580000,0x000000077b580000,0x000000077c000000)
 ParOldGen       total 175104K, used 32K [0x00000006c0000000, 0x00000006cab00000, 0x000000076ab00000)
  object space 175104K, 0% used [0x00000006c0000000,0x00000006c0008000,0x00000006cab00000)
 Metaspace       used 20844K, capacity 21184K, committed 21296K, reserved 1069056K
  class space    used 2567K, capacity 2676K, committed 2688K, reserved 1048576K
}
Event: 1.826 GC heap before
{Heap before GC invocations=4 (full 1):
 PSYoungGen      total 141824K, used 10077K [0x000000076ab00000, 0x000000077c000000, 0x00000007c0000000)
  eden space 131072K, 0% used [0x000000076ab00000,0x000000076ab00000,0x0000000772b00000)
  from space 10752K, 93% used [0x0000000772b00000,0x00000007734d7530,0x0000000773580000)
  to   space 10752K, 0% used [0x000000077b580000,0x000000077b580000,0x000000077c000000)
 ParOldGen       total 175104K, used 32K [0x00000006c0000000, 0x00000006cab00000, 0x000000076ab00000)
  object space 175104K, 0% used [0x00000006c0000000,0x00000006c0008000,0x00000006cab00000)
 Metaspace       used 20844K, capacity 21184K, committed 21296K, reserved 1069056K
  class space    used 2567K, capacity 2676K, committed 2688K, reserved 1048576K
Event: 1.867 GC heap after
Heap after GC invocations=4 (full 1):
 PSYoungGen      total 141824K, used 0K [0x000000076ab00000, 0x000000077c000000, 0x00000007c0000000)
  eden space 131072K, 0% used [0x000000076ab00000,0x000000076ab00000,0x0000000772b00000)
  from space 10752K, 0% used [0x0000000772b00000,0x0000000772b00000,0x0000000773580000)
  to   space 10752K, 0% used [0x000000077b580000,0x000000077b580000,0x000000077c000000)
 ParOldGen       total 110592K, used 9934K [0x00000006c0000000, 0x00000006c6c00000, 0x000000076ab00000)
  object space 110592K, 8% used [0x00000006c0000000,0x00000006c09b3a88,0x00000006c6c00000)
 Metaspace       used 20844K, capacity 21184K, committed 21296K, reserved 1069056K
  class space    used 2567K, capacity 2676K, committed 2688K, reserved 1048576K
}
Event: 2.728 GC heap before
{Heap before GC invocations=5 (full 1):
 PSYoungGen      total 141824K, used 131072K [0x000000076ab00000, 0x000000077c000000, 0x00000007c0000000)
  eden space 131072K, 100% used [0x000000076ab00000,0x0000000772b00000,0x0000000772b00000)
  from space 10752K, 0% used [0x0000000772b00000,0x0000000772b00000,0x0000000773580000)
  to   space 10752K, 0% used [0x000000077b580000,0x000000077b580000,0x000000077c000000)
 ParOldGen       total 110592K, used 9934K [0x00000006c0000000, 0x00000006c6c00000, 0x000000076ab00000)
  object space 110592K, 8% used [0x00000006c0000000,0x00000006c09b3a88,0x00000006c6c00000)
 Metaspace       used 26003K, capacity 26684K, committed 26752K, reserved 1073152K
  class space    used 3151K, capacity 3417K, committed 3456K, reserved 1048576K
Event: 2.743 GC heap after
Heap after GC invocations=5 (full 1):
 PSYoungGen      total 202240K, used 10731K [0x000000076ab00000, 0x000000077c000000, 0x00000007c0000000)
  eden space 191488K, 0% used [0x000000076ab00000,0x000000076ab00000,0x0000000776600000)
  from space 10752K, 99% used [0x000000077b580000,0x000000077bffac68,0x000000077c000000)
  to   space 10752K, 0% used [0x000000077ab00000,0x000000077ab00000,0x000000077b580000)
 ParOldGen       total 110592K, used 13402K [0x00000006c0000000, 0x00000006c6c00000, 0x000000076ab00000)
  object space 110592K, 12% used [0x00000006c0000000,0x00000006c0d16998,0x00000006c6c00000)
 Metaspace       used 26003K, capacity 26684K, committed 26752K, reserved 1073152K
  class space    used 3151K, capacity 3417K, committed 3456K, reserved 1048576K
}
Event: 3.453 GC heap before
{Heap before GC invocations=6 (full 1):
 PSYoungGen      total 202240K, used 186186K [0x000000076ab00000, 0x000000077c000000, 0x00000007c0000000)
  eden space 191488K, 91% used [0x000000076ab00000,0x0000000775657e38,0x0000000776600000)
  from space 10752K, 99% used [0x000000077b580000,0x000000077bffac68,0x000000077c000000)
  to   space 10752K, 0% used [0x000000077ab00000,0x000000077ab00000,0x000000077b580000)
 ParOldGen       total 110592K, used 13402K [0x00000006c0000000, 0x00000006c6c00000, 0x000000076ab00000)
  object space 110592K, 12% used [0x00000006c0000000,0x00000006c0d16998,0x00000006c6c00000)
 Metaspace       used 34639K, capacity 35316K, committed 35496K, reserved 1079296K
  class space    used 4460K, capacity 4737K, committed 4864K, reserved 1048576K
Event: 3.477 GC heap after
Heap after GC invocations=6 (full 1):
 PSYoungGen      total 272896K, used 10727K [0x000000076ab00000, 0x000000077f900000, 0x00000007c0000000)
  eden space 262144K, 0% used [0x000000076ab00000,0x000000076ab00000,0x000000077ab00000)
  from space 10752K, 99% used [0x000000077ab00000,0x000000077b579d48,0x000000077b580000)
  to   space 27136K, 0% used [0x000000077de80000,0x000000077de80000,0x000000077f900000)
 ParOldGen       total 110592K, used 34418K [0x00000006c0000000, 0x00000006c6c00000, 0x000000076ab00000)
  object space 110592K, 31% used [0x00000006c0000000,0x00000006c219cb30,0x00000006c6c00000)
 Metaspace       used 34639K, capacity 35316K, committed 35496K, reserved 1079296K
  class space    used 4460K, capacity 4737K, committed 4864K, reserved 1048576K
}
Event: 3.477 GC heap before
{Heap before GC invocations=7 (full 2):
 PSYoungGen      total 272896K, used 10727K [0x000000076ab00000, 0x000000077f900000, 0x00000007c0000000)
  eden space 262144K, 0% used [0x000000076ab00000,0x000000076ab00000,0x000000077ab00000)
  from space 10752K, 99% used [0x000000077ab00000,0x000000077b579d48,0x000000077b580000)
  to   space 27136K, 0% used [0x000000077de80000,0x000000077de80000,0x000000077f900000)
 ParOldGen       total 110592K, used 34418K [0x00000006c0000000, 0x00000006c6c00000, 0x000000076ab00000)
  object space 110592K, 31% used [0x00000006c0000000,0x00000006c219cb30,0x00000006c6c00000)
 Metaspace       used 34639K, capacity 35316K, committed 35496K, reserved 1079296K
  class space    used 4460K, capacity 4737K, committed 4864K, reserved 1048576K
Event: 3.554 GC heap after
Heap after GC invocations=7 (full 2):
 PSYoungGen      total 272896K, used 0K [0x000000076ab00000, 0x000000077f900000, 0x00000007c0000000)
  eden space 262144K, 0% used [0x000000076ab00000,0x000000076ab00000,0x000000077ab00000)
  from space 10752K, 0% used [0x000000077ab00000,0x000000077ab00000,0x000000077b580000)
  to   space 27136K, 0% used [0x000000077de80000,0x000000077de80000,0x000000077f900000)
 ParOldGen       total 215552K, used 38125K [0x00000006c0000000, 0x00000006cd280000, 0x000000076ab00000)
  object space 215552K, 17% used [0x00000006c0000000,0x00000006c253b408,0x00000006cd280000)
 Metaspace       used 34639K, capacity 35316K, committed 35496K, reserved 1079296K
  class space    used 4460K, capacity 4737K, committed 4864K, reserved 1048576K
}

