# JRE version: Java(TM) SE Runtime Environment (8.0_181-b13) (build 1.8.0_181-b13)
# Java VM: Java HotSpot(TM) 64-Bit Server VM (25.181-b13 mixed mode bsd-amd64 compressed oops)
Heap:
 PSYoungGen      total 272896K, used 81193K [0x000000076ab00000, 0x0000000780000000, 0x00000007c0000000)
  eden space 262144K, 30% used [0x000000076ab00000,0x000000076fa4a5e8,0x000000077ab00000)
  from space 10752K, 0% used [0x000000077ab00000,0x000000077ab00000,0x000000077b580000)
  to   space 27136K, 0% used [0x000000077e580000,0x000000077e580000,0x0000000780000000)
 ParOldGen       total 217600K, used 38138K [0x00000006c0000000, 0x00000006cd480000, 0x000000076ab00000)
  object space 217600K, 17% used [0x00000006c0000000,0x00000006c253e810,0x00000006cd480000)
 Metaspace       used 55561K, capacity 56292K, committed 56616K, reserved 1097728K
  class space    used 8627K, capacity 8919K, committed 9000K, reserved 1048576K
GC Heap History (10 events):
Event: 1.927 GC heap before
{Heap before GC invocations=3 (full 0):
 PSYoungGen      total 141824K, used 49793K [0x000000076ab00000, 0x0000000774000000, 0x00000007c0000000)
  eden space 131072K, 30% used [0x000000076ab00000,0x000000076d1bb700,0x0000000772b00000)
  from space 10752K, 94% used [0x0000000773580000,0x0000000773f64f48,0x0000000774000000)
  to   space 10752K, 0% used [0x0000000772b00000,0x0000000772b00000,0x0000000773580000)
 ParOldGen       total 175104K, used 24K [0x00000006c0000000, 0x00000006cab00000, 0x000000076ab00000)
  object space 175104K, 0% used [0x00000006c0000000,0x00000006c0006000,0x00000006cab00000)
 Metaspace       used 20841K, capacity 21180K, committed 21296K, reserved 1069056K
  class space    used 2568K, capacity 2676K, committed 2688K, reserved 1048576K
Event: 1.939 GC heap after
Heap after GC invocations=3 (full 0):
 PSYoungGen      total 141824K, used 10029K [0x000000076ab00000, 0x000000077c000000, 0x00000007c0000000)
  eden space 131072K, 0% used [0x000000076ab00000,0x000000076ab00000,0x0000000772b00000)
  from space 10752K, 93% used [0x0000000772b00000,0x00000007734cb510,0x0000000773580000)
  to   space 10752K, 0% used [0x000000077b580000,0x000000077b580000,0x000000077c000000)
 ParOldGen       total 175104K, used 32K [0x00000006c0000000, 0x00000006cab00000, 0x000000076ab00000)
  object space 175104K, 0% used [0x00000006c0000000,0x00000006c0008000,0x00000006cab00000)
 Metaspace       used 20841K, capacity 21180K, committed 21296K, reserved 1069056K
  class space    used 2568K, capacity 2676K, committed 2688K, reserved 1048576K
}
Event: 1.939 GC heap before
{Heap before GC invocations=4 (full 1):
 PSYoungGen      total 141824K, used 10029K [0x000000076ab00000, 0x000000077c000000, 0x00000007c0000000)
  eden space 131072K, 0% used [0x000000076ab00000,0x000000076ab00000,0x0000000772b00000)
  from space 10752K, 93% used [0x0000000772b00000,0x00000007734cb510,0x0000000773580000)
  to   space 10752K, 0% used [0x000000077b580000,0x000000077b580000,0x000000077c000000)
 ParOldGen       total 175104K, used 32K [0x00000006c0000000, 0x00000006cab00000, 0x000000076ab00000)
  object space 175104K, 0% used [0x00000006c0000000,0x00000006c0008000,0x00000006cab00000)
 Metaspace       used 20841K, capacity 21180K, committed 21296K, reserved 1069056K
  class space    used 2568K, capacity 2676K, committed 2688K, reserved 1048576K
Event: 1.978 GC heap after
Heap after GC invocations=4 (full 1):
 PSYoungGen      total 141824K, used 0K [0x000000076ab00000, 0x000000077c000000, 0x00000007c0000000)
  eden space 131072K, 0% used [0x000000076ab00000,0x000000076ab00000,0x0000000772b00000)
  from space 10752K, 0% used [0x0000000772b00000,0x0000000772b00000,0x0000000773580000)
  to   space 10752K, 0% used [0x000000077b580000,0x000000077b580000,0x000000077c000000)
 ParOldGen       total 109056K, used 9934K [0x00000006c0000000, 0x00000006c6a80000, 0x000000076ab00000)
  object space 109056K, 9% used [0x00000006c0000000,0x00000006c09b3818,0x00000006c6a80000)
 Metaspace       used 20841K, capacity 21180K, committed 21296K, reserved 1069056K
  class space    used 2568K, capacity 2676K, committed 2688K, reserved 1048576K
}
Event: 2.891 GC heap before
{Heap before GC invocations=5 (full 1):
 PSYoungGen      total 141824K, used 131072K [0x000000076ab00000, 0x000000077c000000, 0x00000007c0000000)
  eden space 131072K, 100% used [0x000000076ab00000,0x0000000772b00000,0x0000000772b00000)
  from space 10752K, 0% used [0x0000000772b00000,0x0000000772b00000,0x0000000773580000)
  to   space 10752K, 0% used [0x000000077b580000,0x000000077b580000,0x000000077c000000)
 ParOldGen       total 109056K, used 9934K [0x00000006c0000000, 0x00000006c6a80000, 0x000000076ab00000)
  object space 109056K, 9% used [0x00000006c0000000,0x00000006c09b3818,0x00000006c6a80000)
 Metaspace       used 26059K, capacity 26680K, committed 26752K, reserved 1073152K
  class space    used 3151K, capacity 3417K, committed 3456K, reserved 1048576K
Event: 2.907 GC heap after
Heap after GC invocations=5 (full 1):
 PSYoungGen      total 205824K, used 10747K [0x000000076ab00000, 0x000000077c000000, 0x00000007c0000000)
  eden space 195072K, 0% used [0x000000076ab00000,0x000000076ab00000,0x0000000776980000)
  from space 10752K, 99% used [0x000000077b580000,0x000000077bffec98,0x000000077c000000)
  to   space 10752K, 0% used [0x000000077ab00000,0x000000077ab00000,0x000000077b580000)
 ParOldGen       total 109056K, used 13374K [0x00000006c0000000, 0x00000006c6a80000, 0x000000076ab00000)
  object space 109056K, 12% used [0x00000006c0000000,0x00000006c0d0fbd0,0x00000006c6a80000)
 Metaspace       used 26059K, capacity 26680K, committed 26752K, reserved 1073152K
  class space    used 3151K, capacity 3417K, committed 3456K, reserved 1048576K
}
Event: 3.603 GC heap before
{Heap before GC invocations=6 (full 1):
 PSYoungGen      total 205824K, used 185629K [0x000000076ab00000, 0x000000077c000000, 0x00000007c0000000)
  eden space 195072K, 89% used [0x000000076ab00000,0x00000007755c8838,0x0000000776980000)
  from space 10752K, 99% used [0x000000077b580000,0x000000077bffec98,0x000000077c000000)
  to   space 10752K, 0% used [0x000000077ab00000,0x000000077ab00000,0x000000077b580000)
 ParOldGen       total 109056K, used 13374K [0x00000006c0000000, 0x00000006c6a80000, 0x000000076ab00000)
  object space 109056K, 12% used [0x00000006c0000000,0x00000006c0d0fbd0,0x00000006c6a80000)
 Metaspace       used 34775K, capacity 35440K, committed 35496K, reserved 1079296K
  class space    used 4472K, capacity 4737K, committed 4776K, reserved 1048576K
Event: 3.622 GC heap after
Heap after GC invocations=6 (full 1):
 PSYoungGen      total 272896K, used 10736K [0x000000076ab00000, 0x0000000780000000, 0x00000007c0000000)
  eden space 262144K, 0% used [0x000000076ab00000,0x000000076ab00000,0x000000077ab00000)
  from space 10752K, 99% used [0x000000077ab00000,0x000000077b57c3f8,0x000000077b580000)
  to   space 27136K, 0% used [0x000000077e580000,0x000000077e580000,0x0000000780000000)
 ParOldGen       total 109056K, used 34500K [0x00000006c0000000, 0x00000006c6a80000, 0x000000076ab00000)
  object space 109056K, 31% used [0x00000006c0000000,0x00000006c21b12e8,0x00000006c6a80000)
 Metaspace       used 34775K, capacity 35440K, committed 35496K, reserved 1079296K
  class space    used 4472K, capacity 4737K, committed 4776K, reserved 1048576K
}
Event: 3.622 GC heap before
{Heap before GC invocations=7 (full 2):
 PSYoungGen      total 272896K, used 10736K [0x000000076ab00000, 0x0000000780000000, 0x00000007c0000000)
  eden space 262144K, 0% used [0x000000076ab00000,0x000000076ab00000,0x000000077ab00000)
  from space 10752K, 99% used [0x000000077ab00000,0x000000077b57c3f8,0x000000077b580000)
  to   space 27136K, 0% used [0x000000077e580000,0x000000077e580000,0x0000000780000000)
 ParOldGen       total 109056K, used 34500K [0x00000006c0000000, 0x00000006c6a80000, 0x000000076ab00000)
  object space 109056K, 31% used [0x00000006c0000000,0x00000006c21b12e8,0x00000006c6a80000)
 Metaspace       used 34775K, capacity 35440K, committed 35496K, reserved 1079296K
  class space    used 4472K, capacity 4737K, committed 4776K, reserved 1048576K
Event: 3.720 GC heap after
Heap after GC invocations=7 (full 2):
 PSYoungGen      total 272896K, used 0K [0x000000076ab00000, 0x0000000780000000, 0x00000007c0000000)
  eden space 262144K, 0% used [0x000000076ab00000,0x000000076ab00000,0x000000077ab00000)
  from space 10752K, 0% used [0x000000077ab00000,0x000000077ab00000,0x000000077b580000)
  to   space 27136K, 0% used [0x000000077e580000,0x000000077e580000,0x0000000780000000)
 ParOldGen       total 217600K, used 38138K [0x00000006c0000000, 0x00000006cd480000, 0x000000076ab00000)
  object space 217600K, 17% used [0x00000006c0000000,0x00000006c253e810,0x00000006cd480000)
 Metaspace       used 34775K, capacity 35440K, committed 35496K, reserved 1079296K
  class space    used 4472K, capacity 4737K, committed 4776K, reserved 1048576K
}

