# JRE version: Java(TM) SE Runtime Environment (8.0_181-b13) (build 1.8.0_181-b13)
# Java VM: Java HotSpot(TM) 64-Bit Server VM (25.181-b13 mixed mode bsd-amd64 compressed oops)
Heap:
 PSYoungGen      total 272896K, used 87118K [0x000000076ab00000, 0x0000000780400000, 0x00000007c0000000)
  eden space 262144K, 33% used [0x000000076ab00000,0x0000000770013920,0x000000077ab00000)
  from space 10752K, 0% used [0x000000077ab00000,0x000000077ab00000,0x000000077b580000)
  to   space 27648K, 0% used [0x000000077e900000,0x000000077e900000,0x0000000780400000)
 ParOldGen       total 217088K, used 40701K [0x00000006c0000000, 0x00000006cd400000, 0x000000076ab00000)
  object space 217088K, 18% used [0x00000006c0000000,0x00000006c27bf668,0x00000006cd400000)
 Metaspace       used 54078K, capacity 54850K, committed 55296K, reserved 1095680K
  class space    used 8510K, capacity 8840K, committed 8960K, reserved 1048576K
GC Heap History (10 events):
Event: 1.930 GC heap before
{Heap before GC invocations=3 (full 0):
 PSYoungGen      total 141824K, used 49807K [0x000000076ab00000, 0x0000000774000000, 0x00000007c0000000)
  eden space 131072K, 30% used [0x000000076ab00000,0x000000076d1c7d20,0x0000000772b00000)
  from space 10752K, 93% used [0x0000000773580000,0x0000000773f5bf78,0x0000000774000000)
  to   space 10752K, 0% used [0x0000000772b00000,0x0000000772b00000,0x0000000773580000)
 ParOldGen       total 175104K, used 24K [0x00000006c0000000, 0x00000006cab00000, 0x000000076ab00000)
  object space 175104K, 0% used [0x00000006c0000000,0x00000006c0006000,0x00000006cab00000)
 Metaspace       used 20750K, capacity 21120K, committed 21296K, reserved 1069056K
  class space    used 2558K, capacity 2676K, committed 2688K, reserved 1048576K
Event: 1.943 GC heap after
Heap after GC invocations=3 (full 0):
 PSYoungGen      total 141824K, used 10008K [0x000000076ab00000, 0x000000077c000000, 0x00000007c0000000)
  eden space 131072K, 0% used [0x000000076ab00000,0x000000076ab00000,0x0000000772b00000)
  from space 10752K, 93% used [0x0000000772b00000,0x00000007734c6390,0x0000000773580000)
  to   space 10752K, 0% used [0x000000077b580000,0x000000077b580000,0x000000077c000000)
 ParOldGen       total 175104K, used 32K [0x00000006c0000000, 0x00000006cab00000, 0x000000076ab00000)
  object space 175104K, 0% used [0x00000006c0000000,0x00000006c0008000,0x00000006cab00000)
 Metaspace       used 20750K, capacity 21120K, committed 21296K, reserved 1069056K
  class space    used 2558K, capacity 2676K, committed 2688K, reserved 1048576K
}
Event: 1.943 GC heap before
{Heap before GC invocations=4 (full 1):
 PSYoungGen      total 141824K, used 10008K [0x000000076ab00000, 0x000000077c000000, 0x00000007c0000000)
  eden space 131072K, 0% used [0x000000076ab00000,0x000000076ab00000,0x0000000772b00000)
  from space 10752K, 93% used [0x0000000772b00000,0x00000007734c6390,0x0000000773580000)
  to   space 10752K, 0% used [0x000000077b580000,0x000000077b580000,0x000000077c000000)
 ParOldGen       total 175104K, used 32K [0x00000006c0000000, 0x00000006cab00000, 0x000000076ab00000)
  object space 175104K, 0% used [0x00000006c0000000,0x00000006c0008000,0x00000006cab00000)
 Metaspace       used 20750K, capacity 21120K, committed 21296K, reserved 1069056K
  class space    used 2558K, capacity 2676K, committed 2688K, reserved 1048576K
Event: 1.980 GC heap after
Heap after GC invocations=4 (full 1):
 PSYoungGen      total 141824K, used 0K [0x000000076ab00000, 0x000000077c000000, 0x00000007c0000000)
  eden space 131072K, 0% used [0x000000076ab00000,0x000000076ab00000,0x0000000772b00000)
  from space 10752K, 0% used [0x0000000772b00000,0x0000000772b00000,0x0000000773580000)
  to   space 10752K, 0% used [0x000000077b580000,0x000000077b580000,0x000000077c000000)
 ParOldGen       total 108032K, used 9886K [0x00000006c0000000, 0x00000006c6980000, 0x000000076ab00000)
  object space 108032K, 9% used [0x00000006c0000000,0x00000006c09a78c8,0x00000006c6980000)
 Metaspace       used 20750K, capacity 21120K, committed 21296K, reserved 1069056K
  class space    used 2558K, capacity 2676K, committed 2688K, reserved 1048576K
}
Event: 2.893 GC heap before
{Heap before GC invocations=5 (full 1):
 PSYoungGen      total 141824K, used 131072K [0x000000076ab00000, 0x000000077c000000, 0x00000007c0000000)
  eden space 131072K, 100% used [0x000000076ab00000,0x0000000772b00000,0x0000000772b00000)
  from space 10752K, 0% used [0x0000000772b00000,0x0000000772b00000,0x0000000773580000)
  to   space 10752K, 0% used [0x000000077b580000,0x000000077b580000,0x000000077c000000)
 ParOldGen       total 108032K, used 9886K [0x00000006c0000000, 0x00000006c6980000, 0x000000076ab00000)
  object space 108032K, 9% used [0x00000006c0000000,0x00000006c09a78c8,0x00000006c6980000)
 Metaspace       used 26054K, capacity 26684K, committed 26752K, reserved 1073152K
  class space    used 3150K, capacity 3417K, committed 3456K, reserved 1048576K
Event: 2.905 GC heap after
Heap after GC invocations=5 (full 1):
 PSYoungGen      total 205824K, used 10721K [0x000000076ab00000, 0x000000077c000000, 0x00000007c0000000)
  eden space 195072K, 0% used [0x000000076ab00000,0x000000076ab00000,0x0000000776980000)
  from space 10752K, 99% used [0x000000077b580000,0x000000077bff85a0,0x000000077c000000)
  to   space 10752K, 0% used [0x000000077ab00000,0x000000077ab00000,0x000000077b580000)
 ParOldGen       total 108032K, used 13502K [0x00000006c0000000, 0x00000006c6980000, 0x000000076ab00000)
  object space 108032K, 12% used [0x00000006c0000000,0x00000006c0d2fb28,0x00000006c6980000)
 Metaspace       used 26054K, capacity 26684K, committed 26752K, reserved 1073152K
  class space    used 3150K, capacity 3417K, committed 3456K, reserved 1048576K
}
Event: 3.603 GC heap before
{Heap before GC invocations=6 (full 1):
 PSYoungGen      total 205824K, used 184534K [0x000000076ab00000, 0x000000077c000000, 0x00000007c0000000)
  eden space 195072K, 89% used [0x000000076ab00000,0x00000007754bd550,0x0000000776980000)
  from space 10752K, 99% used [0x000000077b580000,0x000000077bff85a0,0x000000077c000000)
  to   space 10752K, 0% used [0x000000077ab00000,0x000000077ab00000,0x000000077b580000)
 ParOldGen       total 108032K, used 13502K [0x00000006c0000000, 0x00000006c6980000, 0x000000076ab00000)
  object space 108032K, 12% used [0x00000006c0000000,0x00000006c0d2fb28,0x00000006c6980000)
 Metaspace       used 34686K, capacity 35316K, committed 35496K, reserved 1079296K
  class space    used 4458K, capacity 4737K, committed 4864K, reserved 1048576K
Event: 3.626 GC heap after
Heap after GC invocations=6 (full 1):
 PSYoungGen      total 272896K, used 10741K [0x000000076ab00000, 0x0000000780400000, 0x00000007c0000000)
  eden space 262144K, 0% used [0x000000076ab00000,0x000000076ab00000,0x000000077ab00000)
  from space 10752K, 99% used [0x000000077ab00000,0x000000077b57d5a0,0x000000077b580000)
  to   space 27648K, 0% used [0x000000077e900000,0x000000077e900000,0x0000000780400000)
 ParOldGen       total 108032K, used 34674K [0x00000006c0000000, 0x00000006c6980000, 0x000000076ab00000)
  object space 108032K, 32% used [0x00000006c0000000,0x00000006c21dcad0,0x00000006c6980000)
 Metaspace       used 34686K, capacity 35316K, committed 35496K, reserved 1079296K
  class space    used 4458K, capacity 4737K, committed 4864K, reserved 1048576K
}
Event: 3.626 GC heap before
{Heap before GC invocations=7 (full 2):
 PSYoungGen      total 272896K, used 10741K [0x000000076ab00000, 0x0000000780400000, 0x00000007c0000000)
  eden space 262144K, 0% used [0x000000076ab00000,0x000000076ab00000,0x000000077ab00000)
  from space 10752K, 99% used [0x000000077ab00000,0x000000077b57d5a0,0x000000077b580000)
  to   space 27648K, 0% used [0x000000077e900000,0x000000077e900000,0x0000000780400000)
 ParOldGen       total 108032K, used 34674K [0x00000006c0000000, 0x00000006c6980000, 0x000000076ab00000)
  object space 108032K, 32% used [0x00000006c0000000,0x00000006c21dcad0,0x00000006c6980000)
 Metaspace       used 34686K, capacity 35316K, committed 35496K, reserved 1079296K
  class space    used 4458K, capacity 4737K, committed 4864K, reserved 1048576K
Event: 3.719 GC heap after
Heap after GC invocations=7 (full 2):
 PSYoungGen      total 272896K, used 0K [0x000000076ab00000, 0x0000000780400000, 0x00000007c0000000)
  eden space 262144K, 0% used [0x000000076ab00000,0x000000076ab00000,0x000000077ab00000)
  from space 10752K, 0% used [0x000000077ab00000,0x000000077ab00000,0x000000077b580000)
  to   space 27648K, 0% used [0x000000077e900000,0x000000077e900000,0x0000000780400000)
 ParOldGen       total 217088K, used 40701K [0x00000006c0000000, 0x00000006cd400000, 0x000000076ab00000)
  object space 217088K, 18% used [0x00000006c0000000,0x00000006c27bf668,0x00000006cd400000)
 Metaspace       used 34686K, capacity 35316K, committed 35496K, reserved 1079296K
  class space    used 4458K, capacity 4737K, committed 4864K, reserved 1048576K
}

