# JRE version: Java(TM) SE Runtime Environment (8.0_181-b13) (build 1.8.0_181-b13)
# Java VM: Java HotSpot(TM) 64-Bit Server VM (25.181-b13 mixed mode bsd-amd64 compressed oops)
Heap:
 PSYoungGen      total 272896K, used 73353K [0x000000076ab00000, 0x000000077f680000, 0x00000007c0000000)
  eden space 262144K, 27% used [0x000000076ab00000,0x000000076f2a2718,0x000000077ab00000)
  from space 10752K, 0% used [0x000000077ab00000,0x000000077ab00000,0x000000077b580000)
  to   space 27136K, 0% used [0x000000077dc00000,0x000000077dc00000,0x000000077f680000)
 ParOldGen       total 219648K, used 38106K [0x00000006c0000000, 0x00000006cd680000, 0x000000076ab00000)
  object space 219648K, 17% used [0x00000006c0000000,0x00000006c2536ae0,0x00000006cd680000)
 Metaspace       used 54612K, capacity 55292K, committed 55552K, reserved 1095680K
  class space    used 8567K, capacity 8839K, committed 8960K, reserved 1048576K
GC Heap History (10 events):
Event: 1.847 GC heap before
{Heap before GC invocations=3 (full 0):
 PSYoungGen      total 141824K, used 49934K [0x000000076ab00000, 0x0000000774000000, 0x00000007c0000000)
  eden space 131072K, 30% used [0x000000076ab00000,0x000000076d1f3a38,0x0000000772b00000)
  from space 10752K, 93% used [0x0000000773580000,0x0000000773f4ff88,0x0000000774000000)
  to   space 10752K, 0% used [0x0000000772b00000,0x0000000772b00000,0x0000000773580000)
 ParOldGen       total 175104K, used 24K [0x00000006c0000000, 0x00000006cab00000, 0x000000076ab00000)
  object space 175104K, 0% used [0x00000006c0000000,0x00000006c0006000,0x00000006cab00000)
 Metaspace       used 20757K, capacity 21184K, committed 21296K, reserved 1069056K
  class space    used 2558K, capacity 2676K, committed 2688K, reserved 1048576K
Event: 1.858 GC heap after
Heap after GC invocations=3 (full 0):
 PSYoungGen      total 141824K, used 9948K [0x000000076ab00000, 0x000000077c000000, 0x00000007c0000000)
  eden space 131072K, 0% used [0x000000076ab00000,0x000000076ab00000,0x0000000772b00000)
  from space 10752K, 92% used [0x0000000772b00000,0x00000007734b7380,0x0000000773580000)
  to   space 10752K, 0% used [0x000000077b580000,0x000000077b580000,0x000000077c000000)
 ParOldGen       total 175104K, used 32K [0x00000006c0000000, 0x00000006cab00000, 0x000000076ab00000)
  object space 175104K, 0% used [0x00000006c0000000,0x00000006c0008000,0x00000006cab00000)
 Metaspace       used 20757K, capacity 21184K, committed 21296K, reserved 1069056K
  class space    used 2558K, capacity 2676K, committed 2688K, reserved 1048576K
}
Event: 1.858 GC heap before
{Heap before GC invocations=4 (full 1):
 PSYoungGen      total 141824K, used 9948K [0x000000076ab00000, 0x000000077c000000, 0x00000007c0000000)
  eden space 131072K, 0% used [0x000000076ab00000,0x000000076ab00000,0x0000000772b00000)
  from space 10752K, 92% used [0x0000000772b00000,0x00000007734b7380,0x0000000773580000)
  to   space 10752K, 0% used [0x000000077b580000,0x000000077b580000,0x000000077c000000)
 ParOldGen       total 175104K, used 32K [0x00000006c0000000, 0x00000006cab00000, 0x000000076ab00000)
  object space 175104K, 0% used [0x00000006c0000000,0x00000006c0008000,0x00000006cab00000)
 Metaspace       used 20757K, capacity 21184K, committed 21296K, reserved 1069056K
  class space    used 2558K, capacity 2676K, committed 2688K, reserved 1048576K
Event: 1.897 GC heap after
Heap after GC invocations=4 (full 1):
 PSYoungGen      total 141824K, used 0K [0x000000076ab00000, 0x000000077c000000, 0x00000007c0000000)
  eden space 131072K, 0% used [0x000000076ab00000,0x000000076ab00000,0x0000000772b00000)
  from space 10752K, 0% used [0x0000000772b00000,0x0000000772b00000,0x0000000773580000)
  to   space 10752K, 0% used [0x000000077b580000,0x000000077b580000,0x000000077c000000)
 ParOldGen       total 112640K, used 9890K [0x00000006c0000000, 0x00000006c6e00000, 0x000000076ab00000)
  object space 112640K, 8% used [0x00000006c0000000,0x00000006c09a8948,0x00000006c6e00000)
 Metaspace       used 20757K, capacity 21184K, committed 21296K, reserved 1069056K
  class space    used 2558K, capacity 2676K, committed 2688K, reserved 1048576K
}
Event: 2.770 GC heap before
{Heap before GC invocations=5 (full 1):
 PSYoungGen      total 141824K, used 131072K [0x000000076ab00000, 0x000000077c000000, 0x00000007c0000000)
  eden space 131072K, 100% used [0x000000076ab00000,0x0000000772b00000,0x0000000772b00000)
  from space 10752K, 0% used [0x0000000772b00000,0x0000000772b00000,0x0000000773580000)
  to   space 10752K, 0% used [0x000000077b580000,0x000000077b580000,0x000000077c000000)
 ParOldGen       total 112640K, used 9890K [0x00000006c0000000, 0x00000006c6e00000, 0x000000076ab00000)
  object space 112640K, 8% used [0x00000006c0000000,0x00000006c09a8948,0x00000006c6e00000)
 Metaspace       used 25968K, capacity 26620K, committed 26752K, reserved 1073152K
  class space    used 3150K, capacity 3417K, committed 3456K, reserved 1048576K
Event: 2.784 GC heap after
Heap after GC invocations=5 (full 1):
 PSYoungGen      total 199168K, used 10724K [0x000000076ab00000, 0x000000077c000000, 0x00000007c0000000)
  eden space 188416K, 0% used [0x000000076ab00000,0x000000076ab00000,0x0000000776300000)
  from space 10752K, 99% used [0x000000077b580000,0x000000077bff91a8,0x000000077c000000)
  to   space 10752K, 0% used [0x000000077ab00000,0x000000077ab00000,0x000000077b580000)
 ParOldGen       total 112640K, used 13283K [0x00000006c0000000, 0x00000006c6e00000, 0x000000076ab00000)
  object space 112640K, 11% used [0x00000006c0000000,0x00000006c0cf8cf0,0x00000006c6e00000)
 Metaspace       used 25968K, capacity 26620K, committed 26752K, reserved 1073152K
  class space    used 3150K, capacity 3417K, committed 3456K, reserved 1048576K
}
Event: 3.507 GC heap before
{Heap before GC invocations=6 (full 1):
 PSYoungGen      total 199168K, used 183944K [0x000000076ab00000, 0x000000077c000000, 0x00000007c0000000)
  eden space 188416K, 91% used [0x000000076ab00000,0x0000000775429090,0x0000000776300000)
  from space 10752K, 99% used [0x000000077b580000,0x000000077bff91a8,0x000000077c000000)
  to   space 10752K, 0% used [0x000000077ab00000,0x000000077ab00000,0x000000077b580000)
 ParOldGen       total 112640K, used 13283K [0x00000006c0000000, 0x00000006c6e00000, 0x000000076ab00000)
  object space 112640K, 11% used [0x00000006c0000000,0x00000006c0cf8cf0,0x00000006c6e00000)
 Metaspace       used 34684K, capacity 35316K, committed 35496K, reserved 1079296K
  class space    used 4471K, capacity 4737K, committed 4864K, reserved 1048576K
Event: 3.536 GC heap after
Heap after GC invocations=6 (full 1):
 PSYoungGen      total 272896K, used 10738K [0x000000076ab00000, 0x000000077f680000, 0x00000007c0000000)
  eden space 262144K, 0% used [0x000000076ab00000,0x000000076ab00000,0x000000077ab00000)
  from space 10752K, 99% used [0x000000077ab00000,0x000000077b57c830,0x000000077b580000)
  to   space 27136K, 0% used [0x000000077dc00000,0x000000077dc00000,0x000000077f680000)
 ParOldGen       total 112640K, used 34321K [0x00000006c0000000, 0x00000006c6e00000, 0x000000076ab00000)
  object space 112640K, 30% used [0x00000006c0000000,0x00000006c2184470,0x00000006c6e00000)
 Metaspace       used 34684K, capacity 35316K, committed 35496K, reserved 1079296K
  class space    used 4471K, capacity 4737K, committed 4864K, reserved 1048576K
}
Event: 3.537 GC heap before
{Heap before GC invocations=7 (full 2):
 PSYoungGen      total 272896K, used 10738K [0x000000076ab00000, 0x000000077f680000, 0x00000007c0000000)
  eden space 262144K, 0% used [0x000000076ab00000,0x000000076ab00000,0x000000077ab00000)
  from space 10752K, 99% used [0x000000077ab00000,0x000000077b57c830,0x000000077b580000)
  to   space 27136K, 0% used [0x000000077dc00000,0x000000077dc00000,0x000000077f680000)
 ParOldGen       total 112640K, used 34321K [0x00000006c0000000, 0x00000006c6e00000, 0x000000076ab00000)
  object space 112640K, 30% used [0x00000006c0000000,0x00000006c2184470,0x00000006c6e00000)
 Metaspace       used 34684K, capacity 35316K, committed 35496K, reserved 1079296K
  class space    used 4471K, capacity 4737K, committed 4864K, reserved 1048576K
Event: 3.620 GC heap after
Heap after GC invocations=7 (full 2):
 PSYoungGen      total 272896K, used 0K [0x000000076ab00000, 0x000000077f680000, 0x00000007c0000000)
  eden space 262144K, 0% used [0x000000076ab00000,0x000000076ab00000,0x000000077ab00000)
  from space 10752K, 0% used [0x000000077ab00000,0x000000077ab00000,0x000000077b580000)
  to   space 27136K, 0% used [0x000000077dc00000,0x000000077dc00000,0x000000077f680000)
 ParOldGen       total 219648K, used 38106K [0x00000006c0000000, 0x00000006cd680000, 0x000000076ab00000)
  object space 219648K, 17% used [0x00000006c0000000,0x00000006c2536ae0,0x00000006cd680000)
 Metaspace       used 34684K, capacity 35316K, committed 35496K, reserved 1079296K
  class space    used 4471K, capacity 4737K, committed 4864K, reserved 1048576K
}

