# JRE version: Java(TM) SE Runtime Environment (8.0_181-b13) (build 1.8.0_181-b13)
# Java VM: Java HotSpot(TM) 64-Bit Server VM (25.181-b13 mixed mode bsd-amd64 compressed oops)
Heap:
 PSYoungGen      total 272896K, used 81737K [0x000000076ab00000, 0x000000077fb00000, 0x00000007c0000000)
  eden space 262144K, 31% used [0x000000076ab00000,0x000000076fad25a8,0x000000077ab00000)
  from space 10752K, 0% used [0x000000077ab00000,0x000000077ab00000,0x000000077b580000)
  to   space 27136K, 0% used [0x000000077e080000,0x000000077e080000,0x000000077fb00000)
 ParOldGen       total 219136K, used 37996K [0x00000006c0000000, 0x00000006cd600000, 0x000000076ab00000)
  object space 219136K, 17% used [0x00000006c0000000,0x00000006c251b0e8,0x00000006cd600000)
 Metaspace       used 56063K, capacity 56840K, committed 57128K, reserved 1097728K
  class space    used 8675K, capacity 8975K, committed 9000K, reserved 1048576K
GC Heap History (10 events):
Event: 1.823 GC heap before
{Heap before GC invocations=3 (full 0):
 PSYoungGen      total 141824K, used 49904K [0x000000076ab00000, 0x0000000774000000, 0x00000007c0000000)
  eden space 131072K, 30% used [0x000000076ab00000,0x000000076d1d0f58,0x0000000772b00000)
  from space 10752K, 94% used [0x0000000773580000,0x0000000773f6b360,0x0000000774000000)
  to   space 10752K, 0% used [0x0000000772b00000,0x0000000772b00000,0x0000000773580000)
 ParOldGen       total 175104K, used 24K [0x00000006c0000000, 0x00000006cab00000, 0x000000076ab00000)
  object space 175104K, 0% used [0x00000006c0000000,0x00000006c0006000,0x00000006cab00000)
 Metaspace       used 20753K, capacity 21180K, committed 21296K, reserved 1069056K
  class space    used 2558K, capacity 2676K, committed 2688K, reserved 1048576K
Event: 1.835 GC heap after
Heap after GC invocations=3 (full 0):
 PSYoungGen      total 141824K, used 9969K [0x000000076ab00000, 0x000000077c000000, 0x00000007c0000000)
  eden space 131072K, 0% used [0x000000076ab00000,0x000000076ab00000,0x0000000772b00000)
  from space 10752K, 92% used [0x0000000772b00000,0x00000007734bc448,0x0000000773580000)
  to   space 10752K, 0% used [0x000000077b580000,0x000000077b580000,0x000000077c000000)
 ParOldGen       total 175104K, used 32K [0x00000006c0000000, 0x00000006cab00000, 0x000000076ab00000)
  object space 175104K, 0% used [0x00000006c0000000,0x00000006c0008000,0x00000006cab00000)
 Metaspace       used 20753K, capacity 21180K, committed 21296K, reserved 1069056K
  class space    used 2558K, capacity 2676K, committed 2688K, reserved 1048576K
}
Event: 1.835 GC heap before
{Heap before GC invocations=4 (full 1):
 PSYoungGen      total 141824K, used 9969K [0x000000076ab00000, 0x000000077c000000, 0x00000007c0000000)
  eden space 131072K, 0% used [0x000000076ab00000,0x000000076ab00000,0x0000000772b00000)
  from space 10752K, 92% used [0x0000000772b00000,0x00000007734bc448,0x0000000773580000)
  to   space 10752K, 0% used [0x000000077b580000,0x000000077b580000,0x000000077c000000)
 ParOldGen       total 175104K, used 32K [0x00000006c0000000, 0x00000006cab00000, 0x000000076ab00000)
  object space 175104K, 0% used [0x00000006c0000000,0x00000006c0008000,0x00000006cab00000)
 Metaspace       used 20753K, capacity 21180K, committed 21296K, reserved 1069056K
  class space    used 2558K, capacity 2676K, committed 2688K, reserved 1048576K
Event: 1.874 GC heap after
Heap after GC invocations=4 (full 1):
 PSYoungGen      total 141824K, used 0K [0x000000076ab00000, 0x000000077c000000, 0x00000007c0000000)
  eden space 131072K, 0% used [0x000000076ab00000,0x000000076ab00000,0x0000000772b00000)
  from space 10752K, 0% used [0x0000000772b00000,0x0000000772b00000,0x0000000773580000)
  to   space 10752K, 0% used [0x000000077b580000,0x000000077b580000,0x000000077c000000)
 ParOldGen       total 110592K, used 9885K [0x00000006c0000000, 0x00000006c6c00000, 0x000000076ab00000)
  object space 110592K, 8% used [0x00000006c0000000,0x00000006c09a7700,0x00000006c6c00000)
 Metaspace       used 20753K, capacity 21180K, committed 21296K, reserved 1069056K
  class space    used 2558K, capacity 2676K, committed 2688K, reserved 1048576K
}
Event: 2.735 GC heap before
{Heap before GC invocations=5 (full 1):
 PSYoungGen      total 141824K, used 131072K [0x000000076ab00000, 0x000000077c000000, 0x00000007c0000000)
  eden space 131072K, 100% used [0x000000076ab00000,0x0000000772b00000,0x0000000772b00000)
  from space 10752K, 0% used [0x0000000772b00000,0x0000000772b00000,0x0000000773580000)
  to   space 10752K, 0% used [0x000000077b580000,0x000000077b580000,0x000000077c000000)
 ParOldGen       total 110592K, used 9885K [0x00000006c0000000, 0x00000006c6c00000, 0x000000076ab00000)
  object space 110592K, 8% used [0x00000006c0000000,0x00000006c09a7700,0x00000006c6c00000)
 Metaspace       used 26039K, capacity 26744K, committed 27008K, reserved 1073152K
  class space    used 3150K, capacity 3417K, committed 3456K, reserved 1048576K
Event: 2.752 GC heap after
Heap after GC invocations=5 (full 1):
 PSYoungGen      total 203776K, used 10724K [0x000000076ab00000, 0x000000077c000000, 0x00000007c0000000)
  eden space 193024K, 0% used [0x000000076ab00000,0x000000076ab00000,0x0000000776780000)
  from space 10752K, 99% used [0x000000077b580000,0x000000077bff91c8,0x000000077c000000)
  to   space 10752K, 0% used [0x000000077ab00000,0x000000077ab00000,0x000000077b580000)
 ParOldGen       total 110592K, used 13285K [0x00000006c0000000, 0x00000006c6c00000, 0x000000076ab00000)
  object space 110592K, 12% used [0x00000006c0000000,0x00000006c0cf96f8,0x00000006c6c00000)
 Metaspace       used 26039K, capacity 26744K, committed 27008K, reserved 1073152K
  class space    used 3150K, capacity 3417K, committed 3456K, reserved 1048576K
}
Event: 3.443 GC heap before
{Heap before GC invocations=6 (full 1):
 PSYoungGen      total 203776K, used 182246K [0x000000076ab00000, 0x000000077c000000, 0x00000007c0000000)
  eden space 193024K, 88% used [0x000000076ab00000,0x0000000775280a28,0x0000000776780000)
  from space 10752K, 99% used [0x000000077b580000,0x000000077bff91c8,0x000000077c000000)
  to   space 10752K, 0% used [0x000000077ab00000,0x000000077ab00000,0x000000077b580000)
 ParOldGen       total 110592K, used 13285K [0x00000006c0000000, 0x00000006c6c00000, 0x000000076ab00000)
  object space 110592K, 12% used [0x00000006c0000000,0x00000006c0cf96f8,0x00000006c6c00000)
 Metaspace       used 34672K, capacity 35440K, committed 35496K, reserved 1079296K
  class space    used 4459K, capacity 4737K, committed 4776K, reserved 1048576K
Event: 3.462 GC heap after
Heap after GC invocations=6 (full 1):
 PSYoungGen      total 272896K, used 10736K [0x000000076ab00000, 0x000000077fb00000, 0x00000007c0000000)
  eden space 262144K, 0% used [0x000000076ab00000,0x000000076ab00000,0x000000077ab00000)
  from space 10752K, 99% used [0x000000077ab00000,0x000000077b57c328,0x000000077b580000)
  to   space 27136K, 0% used [0x000000077e080000,0x000000077e080000,0x000000077fb00000)
 ParOldGen       total 110592K, used 34238K [0x00000006c0000000, 0x00000006c6c00000, 0x000000076ab00000)
  object space 110592K, 30% used [0x00000006c0000000,0x00000006c216f888,0x00000006c6c00000)
 Metaspace       used 34672K, capacity 35440K, committed 35496K, reserved 1079296K
  class space    used 4459K, capacity 4737K, committed 4776K, reserved 1048576K
}
Event: 3.462 GC heap before
{Heap before GC invocations=7 (full 2):
 PSYoungGen      total 272896K, used 10736K [0x000000076ab00000, 0x000000077fb00000, 0x00000007c0000000)
  eden space 262144K, 0% used [0x000000076ab00000,0x000000076ab00000,0x000000077ab00000)
  from space 10752K, 99% used [0x000000077ab00000,0x000000077b57c328,0x000000077b580000)
  to   space 27136K, 0% used [0x000000077e080000,0x000000077e080000,0x000000077fb00000)
 ParOldGen       total 110592K, used 34238K [0x00000006c0000000, 0x00000006c6c00000, 0x000000076ab00000)
  object space 110592K, 30% used [0x00000006c0000000,0x00000006c216f888,0x00000006c6c00000)
 Metaspace       used 34672K, capacity 35440K, committed 35496K, reserved 1079296K
  class space    used 4459K, capacity 4737K, committed 4776K, reserved 1048576K
Event: 3.552 GC heap after
Heap after GC invocations=7 (full 2):
 PSYoungGen      total 272896K, used 0K [0x000000076ab00000, 0x000000077fb00000, 0x00000007c0000000)
  eden space 262144K, 0% used [0x000000076ab00000,0x000000076ab00000,0x000000077ab00000)
  from space 10752K, 0% used [0x000000077ab00000,0x000000077ab00000,0x000000077b580000)
  to   space 27136K, 0% used [0x000000077e080000,0x000000077e080000,0x000000077fb00000)
 ParOldGen       total 219136K, used 37996K [0x00000006c0000000, 0x00000006cd600000, 0x000000076ab00000)
  object space 219136K, 17% used [0x00000006c0000000,0x00000006c251b0e8,0x00000006cd600000)
 Metaspace       used 34672K, capacity 35440K, committed 35496K, reserved 1079296K
  class space    used 4459K, capacity 4737K, committed 4776K, reserved 1048576K
}

