# JRE version: Java(TM) SE Runtime Environment (8.0_181-b13) (build 1.8.0_181-b13)
# Java VM: Java HotSpot(TM) 64-Bit Server VM (25.181-b13 mixed mode bsd-amd64 compressed oops)
Heap:
 PSYoungGen      total 272896K, used 62349K [0x000000076ab00000, 0x000000077fe00000, 0x00000007c0000000)
  eden space 262144K, 23% used [0x000000076ab00000,0x000000076e7e3458,0x000000077ab00000)
  from space 10752K, 0% used [0x000000077ab00000,0x000000077ab00000,0x000000077b580000)
  to   space 27136K, 0% used [0x000000077e380000,0x000000077e380000,0x000000077fe00000)
 ParOldGen       total 217088K, used 38001K [0x00000006c0000000, 0x00000006cd400000, 0x000000076ab00000)
  object space 217088K, 17% used [0x00000006c0000000,0x00000006c251c748,0x00000006cd400000)
 Metaspace       used 52020K, capacity 52792K, committed 52904K, reserved 1093632K
  class space    used 8287K, capacity 8569K, committed 8616K, reserved 1048576K
GC Heap History (10 events):
Event: 1.850 GC heap before
{Heap before GC invocations=3 (full 0):
 PSYoungGen      total 141824K, used 49980K [0x000000076ab00000, 0x0000000774000000, 0x00000007c0000000)
  eden space 131072K, 30% used [0x000000076ab00000,0x000000076d1d3288,0x0000000772b00000)
  from space 10752K, 95% used [0x0000000773580000,0x0000000773f7bf78,0x0000000774000000)
  to   space 10752K, 0% used [0x0000000772b00000,0x0000000772b00000,0x0000000773580000)
 ParOldGen       total 175104K, used 24K [0x00000006c0000000, 0x00000006cab00000, 0x000000076ab00000)
  object space 175104K, 0% used [0x00000006c0000000,0x00000006c0006000,0x00000006cab00000)
 Metaspace       used 20829K, capacity 21184K, committed 21296K, reserved 1069056K
  class space    used 2560K, capacity 2676K, committed 2688K, reserved 1048576K
Event: 1.863 GC heap after
Heap after GC invocations=3 (full 0):
 PSYoungGen      total 141824K, used 10130K [0x000000076ab00000, 0x000000077c000000, 0x00000007c0000000)
  eden space 131072K, 0% used [0x000000076ab00000,0x000000076ab00000,0x0000000772b00000)
  from space 10752K, 94% used [0x0000000772b00000,0x00000007734e49e8,0x0000000773580000)
  to   space 10752K, 0% used [0x000000077b580000,0x000000077b580000,0x000000077c000000)
 ParOldGen       total 175104K, used 32K [0x00000006c0000000, 0x00000006cab00000, 0x000000076ab00000)
  object space 175104K, 0% used [0x00000006c0000000,0x00000006c0008000,0x00000006cab00000)
 Metaspace       used 20829K, capacity 21184K, committed 21296K, reserved 1069056K
  class space    used 2560K, capacity 2676K, committed 2688K, reserved 1048576K
}
Event: 1.863 GC heap before
{Heap before GC invocations=4 (full 1):
 PSYoungGen      total 141824K, used 10130K [0x000000076ab00000, 0x000000077c000000, 0x00000007c0000000)
  eden space 131072K, 0% used [0x000000076ab00000,0x000000076ab00000,0x0000000772b00000)
  from space 10752K, 94% used [0x0000000772b00000,0x00000007734e49e8,0x0000000773580000)
  to   space 10752K, 0% used [0x000000077b580000,0x000000077b580000,0x000000077c000000)
 ParOldGen       total 175104K, used 32K [0x00000006c0000000, 0x00000006cab00000, 0x000000076ab00000)
  object space 175104K, 0% used [0x00000006c0000000,0x00000006c0008000,0x00000006cab00000)
 Metaspace       used 20829K, capacity 21184K, committed 21296K, reserved 1069056K
  class space    used 2560K, capacity 2676K, committed 2688K, reserved 1048576K
Event: 1.901 GC heap after
Heap after GC invocations=4 (full 1):
 PSYoungGen      total 141824K, used 0K [0x000000076ab00000, 0x000000077c000000, 0x00000007c0000000)
  eden space 131072K, 0% used [0x000000076ab00000,0x000000076ab00000,0x0000000772b00000)
  from space 10752K, 0% used [0x0000000772b00000,0x0000000772b00000,0x0000000773580000)
  to   space 10752K, 0% used [0x000000077b580000,0x000000077b580000,0x000000077c000000)
 ParOldGen       total 110080K, used 9986K [0x00000006c0000000, 0x00000006c6b80000, 0x000000076ab00000)
  object space 110080K, 9% used [0x00000006c0000000,0x00000006c09c0978,0x00000006c6b80000)
 Metaspace       used 20829K, capacity 21184K, committed 21296K, reserved 1069056K
  class space    used 2560K, capacity 2676K, committed 2688K, reserved 1048576K
}
Event: 2.776 GC heap before
{Heap before GC invocations=5 (full 1):
 PSYoungGen      total 141824K, used 131072K [0x000000076ab00000, 0x000000077c000000, 0x00000007c0000000)
  eden space 131072K, 100% used [0x000000076ab00000,0x0000000772b00000,0x0000000772b00000)
  from space 10752K, 0% used [0x0000000772b00000,0x0000000772b00000,0x0000000773580000)
  to   space 10752K, 0% used [0x000000077b580000,0x000000077b580000,0x000000077c000000)
 ParOldGen       total 110080K, used 9986K [0x00000006c0000000, 0x00000006c6b80000, 0x000000076ab00000)
  object space 110080K, 9% used [0x00000006c0000000,0x00000006c09c0978,0x00000006c6b80000)
 Metaspace       used 26130K, capacity 26812K, committed 27008K, reserved 1073152K
  class space    used 3150K, capacity 3417K, committed 3456K, reserved 1048576K
Event: 2.790 GC heap after
Heap after GC invocations=5 (full 1):
 PSYoungGen      total 203264K, used 10740K [0x000000076ab00000, 0x000000077c000000, 0x00000007c0000000)
  eden space 192512K, 0% used [0x000000076ab00000,0x000000076ab00000,0x0000000776700000)
  from space 10752K, 99% used [0x000000077b580000,0x000000077bffd1b8,0x000000077c000000)
  to   space 10752K, 0% used [0x000000077ab00000,0x000000077ab00000,0x000000077b580000)
 ParOldGen       total 110080K, used 13338K [0x00000006c0000000, 0x00000006c6b80000, 0x000000076ab00000)
  object space 110080K, 12% used [0x00000006c0000000,0x00000006c0d069c0,0x00000006c6b80000)
 Metaspace       used 26130K, capacity 26812K, committed 27008K, reserved 1073152K
  class space    used 3150K, capacity 3417K, committed 3456K, reserved 1048576K
}
Event: 3.480 GC heap before
{Heap before GC invocations=6 (full 1):
 PSYoungGen      total 203264K, used 186207K [0x000000076ab00000, 0x000000077c000000, 0x00000007c0000000)
  eden space 192512K, 91% used [0x000000076ab00000,0x000000077565acb8,0x0000000776700000)
  from space 10752K, 99% used [0x000000077b580000,0x000000077bffd1b8,0x000000077c000000)
  to   space 10752K, 0% used [0x000000077ab00000,0x000000077ab00000,0x000000077b580000)
 ParOldGen       total 110080K, used 13338K [0x00000006c0000000, 0x00000006c6b80000, 0x000000076ab00000)
  object space 110080K, 12% used [0x00000006c0000000,0x00000006c0d069c0,0x00000006c6b80000)
 Metaspace       used 34751K, capacity 35444K, committed 35496K, reserved 1079296K
  class space    used 4459K, capacity 4737K, committed 4776K, reserved 1048576K
Event: 3.505 GC heap after
Heap after GC invocations=6 (full 1):
 PSYoungGen      total 272896K, used 10737K [0x000000076ab00000, 0x000000077fe00000, 0x00000007c0000000)
  eden space 262144K, 0% used [0x000000076ab00000,0x000000076ab00000,0x000000077ab00000)
  from space 10752K, 99% used [0x000000077ab00000,0x000000077b57c448,0x000000077b580000)
  to   space 27136K, 0% used [0x000000077e380000,0x000000077e380000,0x000000077fe00000)
 ParOldGen       total 110080K, used 34308K [0x00000006c0000000, 0x00000006c6b80000, 0x000000076ab00000)
  object space 110080K, 31% used [0x00000006c0000000,0x00000006c2181078,0x00000006c6b80000)
 Metaspace       used 34751K, capacity 35444K, committed 35496K, reserved 1079296K
  class space    used 4459K, capacity 4737K, committed 4776K, reserved 1048576K
}
Event: 3.505 GC heap before
{Heap before GC invocations=7 (full 2):
 PSYoungGen      total 272896K, used 10737K [0x000000076ab00000, 0x000000077fe00000, 0x00000007c0000000)
  eden space 262144K, 0% used [0x000000076ab00000,0x000000076ab00000,0x000000077ab00000)
  from space 10752K, 99% used [0x000000077ab00000,0x000000077b57c448,0x000000077b580000)
  to   space 27136K, 0% used [0x000000077e380000,0x000000077e380000,0x000000077fe00000)
 ParOldGen       total 110080K, used 34308K [0x00000006c0000000, 0x00000006c6b80000, 0x000000076ab00000)
  object space 110080K, 31% used [0x00000006c0000000,0x00000006c2181078,0x00000006c6b80000)
 Metaspace       used 34751K, capacity 35444K, committed 35496K, reserved 1079296K
  class space    used 4459K, capacity 4737K, committed 4776K, reserved 1048576K
Event: 3.596 GC heap after
Heap after GC invocations=7 (full 2):
 PSYoungGen      total 272896K, used 0K [0x000000076ab00000, 0x000000077fe00000, 0x00000007c0000000)
  eden space 262144K, 0% used [0x000000076ab00000,0x000000076ab00000,0x000000077ab00000)
  from space 10752K, 0% used [0x000000077ab00000,0x000000077ab00000,0x000000077b580000)
  to   space 27136K, 0% used [0x000000077e380000,0x000000077e380000,0x000000077fe00000)
 ParOldGen       total 217088K, used 38001K [0x00000006c0000000, 0x00000006cd400000, 0x000000076ab00000)
  object space 217088K, 17% used [0x00000006c0000000,0x00000006c251c748,0x00000006cd400000)
 Metaspace       used 34751K, capacity 35444K, committed 35496K, reserved 1079296K
  class space    used 4459K, capacity 4737K, committed 4776K, reserved 1048576K
}

