# JRE version: Java(TM) SE Runtime Environment (8.0_181-b13) (build 1.8.0_181-b13)
# Java VM: Java HotSpot(TM) 64-Bit Server VM (25.181-b13 mixed mode bsd-amd64 compressed oops)
Heap:
 PSYoungGen      total 272896K, used 78426K [0x000000076ab00000, 0x000000077f480000, 0x00000007c0000000)
  eden space 262144K, 29% used [0x000000076ab00000,0x000000076f796ba8,0x000000077ab00000)
  from space 10752K, 0% used [0x000000077ab00000,0x000000077ab00000,0x000000077b580000)
  to   space 27136K, 0% used [0x000000077da00000,0x000000077da00000,0x000000077f480000)
 ParOldGen       total 221696K, used 38033K [0x00000006c0000000, 0x00000006cd880000, 0x000000076ab00000)
  object space 221696K, 17% used [0x00000006c0000000,0x00000006c2524578,0x00000006cd880000)
 Metaspace       used 54119K, capacity 54914K, committed 55208K, reserved 1095680K
  class space    used 8512K, capacity 8840K, committed 8872K, reserved 1048576K
GC Heap History (10 events):
Event: 1.830 GC heap before
{Heap before GC invocations=3 (full 0):
 PSYoungGen      total 141824K, used 52846K [0x000000076ab00000, 0x0000000774000000, 0x00000007c0000000)
  eden space 131072K, 32% used [0x000000076ab00000,0x000000076d4c2bf0,0x0000000772b00000)
  from space 10752K, 93% used [0x0000000773580000,0x0000000773f58f58,0x0000000774000000)
  to   space 10752K, 0% used [0x0000000772b00000,0x0000000772b00000,0x0000000773580000)
 ParOldGen       total 175104K, used 24K [0x00000006c0000000, 0x00000006cab00000, 0x000000076ab00000)
  object space 175104K, 0% used [0x00000006c0000000,0x00000006c0006000,0x00000006cab00000)
 Metaspace       used 20800K, capacity 21184K, committed 21296K, reserved 1069056K
  class space    used 2559K, capacity 2676K, committed 2688K, reserved 1048576K
Event: 1.842 GC heap after
Heap after GC invocations=3 (full 0):
 PSYoungGen      total 141824K, used 10013K [0x000000076ab00000, 0x000000077c000000, 0x00000007c0000000)
  eden space 131072K, 0% used [0x000000076ab00000,0x000000076ab00000,0x0000000772b00000)
  from space 10752K, 93% used [0x0000000772b00000,0x00000007734c7438,0x0000000773580000)
  to   space 10752K, 0% used [0x000000077b580000,0x000000077b580000,0x000000077c000000)
 ParOldGen       total 175104K, used 32K [0x00000006c0000000, 0x00000006cab00000, 0x000000076ab00000)
  object space 175104K, 0% used [0x00000006c0000000,0x00000006c0008000,0x00000006cab00000)
 Metaspace       used 20800K, capacity 21184K, committed 21296K, reserved 1069056K
  class space    used 2559K, capacity 2676K, committed 2688K, reserved 1048576K
}
Event: 1.842 GC heap before
{Heap before GC invocations=4 (full 1):
 PSYoungGen      total 141824K, used 10013K [0x000000076ab00000, 0x000000077c000000, 0x00000007c0000000)
  eden space 131072K, 0% used [0x000000076ab00000,0x000000076ab00000,0x0000000772b00000)
  from space 10752K, 93% used [0x0000000772b00000,0x00000007734c7438,0x0000000773580000)
  to   space 10752K, 0% used [0x000000077b580000,0x000000077b580000,0x000000077c000000)
 ParOldGen       total 175104K, used 32K [0x00000006c0000000, 0x00000006cab00000, 0x000000076ab00000)
  object space 175104K, 0% used [0x00000006c0000000,0x00000006c0008000,0x00000006cab00000)
 Metaspace       used 20800K, capacity 21184K, committed 21296K, reserved 1069056K
  class space    used 2559K, capacity 2676K, committed 2688K, reserved 1048576K
Event: 1.880 GC heap after
Heap after GC invocations=4 (full 1):
 PSYoungGen      total 141824K, used 0K [0x000000076ab00000, 0x000000077c000000, 0x00000007c0000000)
  eden space 131072K, 0% used [0x000000076ab00000,0x000000076ab00000,0x0000000772b00000)
  from space 10752K, 0% used [0x0000000772b00000,0x0000000772b00000,0x0000000773580000)
  to   space 10752K, 0% used [0x000000077b580000,0x000000077b580000,0x000000077c000000)
 ParOldGen       total 111616K, used 9886K [0x00000006c0000000, 0x00000006c6d00000, 0x000000076ab00000)
  object space 111616K, 8% used [0x00000006c0000000,0x00000006c09a7898,0x00000006c6d00000)
 Metaspace       used 20800K, capacity 21184K, committed 21296K, reserved 1069056K
  class space    used 2559K, capacity 2676K, committed 2688K, reserved 1048576K
}
Event: 2.742 GC heap before
{Heap before GC invocations=5 (full 1):
 PSYoungGen      total 141824K, used 131072K [0x000000076ab00000, 0x000000077c000000, 0x00000007c0000000)
  eden space 131072K, 100% used [0x000000076ab00000,0x0000000772b00000,0x0000000772b00000)
  from space 10752K, 0% used [0x0000000772b00000,0x0000000772b00000,0x0000000773580000)
  to   space 10752K, 0% used [0x000000077b580000,0x000000077b580000,0x000000077c000000)
 ParOldGen       total 111616K, used 9886K [0x00000006c0000000, 0x00000006c6d00000, 0x000000076ab00000)
  object space 111616K, 8% used [0x00000006c0000000,0x00000006c09a7898,0x00000006c6d00000)
 Metaspace       used 26097K, capacity 26812K, committed 27008K, reserved 1073152K
  class space    used 3152K, capacity 3417K, committed 3456K, reserved 1048576K
Event: 2.757 GC heap after
Heap after GC invocations=5 (full 1):
 PSYoungGen      total 201216K, used 10736K [0x000000076ab00000, 0x000000077c000000, 0x00000007c0000000)
  eden space 190464K, 0% used [0x000000076ab00000,0x000000076ab00000,0x0000000776500000)
  from space 10752K, 99% used [0x000000077b580000,0x000000077bffc168,0x000000077c000000)
  to   space 10752K, 0% used [0x000000077ab00000,0x000000077ab00000,0x000000077b580000)
 ParOldGen       total 111616K, used 13356K [0x00000006c0000000, 0x00000006c6d00000, 0x000000076ab00000)
  object space 111616K, 11% used [0x00000006c0000000,0x00000006c0d0b188,0x00000006c6d00000)
 Metaspace       used 26097K, capacity 26812K, committed 27008K, reserved 1073152K
  class space    used 3152K, capacity 3417K, committed 3456K, reserved 1048576K
}
Event: 3.449 GC heap before
{Heap before GC invocations=6 (full 1):
 PSYoungGen      total 201216K, used 186133K [0x000000076ab00000, 0x000000077c000000, 0x00000007c0000000)
  eden space 190464K, 92% used [0x000000076ab00000,0x00000007756492e8,0x0000000776500000)
  from space 10752K, 99% used [0x000000077b580000,0x000000077bffc168,0x000000077c000000)
  to   space 10752K, 0% used [0x000000077ab00000,0x000000077ab00000,0x000000077b580000)
 ParOldGen       total 111616K, used 13356K [0x00000006c0000000, 0x00000006c6d00000, 0x000000076ab00000)
  object space 111616K, 11% used [0x00000006c0000000,0x00000006c0d0b188,0x00000006c6d00000)
 Metaspace       used 34728K, capacity 35444K, committed 35496K, reserved 1079296K
  class space    used 4461K, capacity 4737K, committed 4776K, reserved 1048576K
Event: 3.469 GC heap after
Heap after GC invocations=6 (full 1):
 PSYoungGen      total 272896K, used 10751K [0x000000076ab00000, 0x000000077f480000, 0x00000007c0000000)
  eden space 262144K, 0% used [0x000000076ab00000,0x000000076ab00000,0x000000077ab00000)
  from space 10752K, 99% used [0x000000077ab00000,0x000000077b57fef0,0x000000077b580000)
  to   space 27136K, 0% used [0x000000077da00000,0x000000077da00000,0x000000077f480000)
 ParOldGen       total 111616K, used 34330K [0x00000006c0000000, 0x00000006c6d00000, 0x000000076ab00000)
  object space 111616K, 30% used [0x00000006c0000000,0x00000006c2186908,0x00000006c6d00000)
 Metaspace       used 34728K, capacity 35444K, committed 35496K, reserved 1079296K
  class space    used 4461K, capacity 4737K, committed 4776K, reserved 1048576K
}
Event: 3.469 GC heap before
{Heap before GC invocations=7 (full 2):
 PSYoungGen      total 272896K, used 10751K [0x000000076ab00000, 0x000000077f480000, 0x00000007c0000000)
  eden space 262144K, 0% used [0x000000076ab00000,0x000000076ab00000,0x000000077ab00000)
  from space 10752K, 99% used [0x000000077ab00000,0x000000077b57fef0,0x000000077b580000)
  to   space 27136K, 0% used [0x000000077da00000,0x000000077da00000,0x000000077f480000)
 ParOldGen       total 111616K, used 34330K [0x00000006c0000000, 0x00000006c6d00000, 0x000000076ab00000)
  object space 111616K, 30% used [0x00000006c0000000,0x00000006c2186908,0x00000006c6d00000)
 Metaspace       used 34728K, capacity 35444K, committed 35496K, reserved 1079296K
  class space    used 4461K, capacity 4737K, committed 4776K, reserved 1048576K
Event: 3.555 GC heap after
Heap after GC invocations=7 (full 2):
 PSYoungGen      total 272896K, used 0K [0x000000076ab00000, 0x000000077f480000, 0x00000007c0000000)
  eden space 262144K, 0% used [0x000000076ab00000,0x000000076ab00000,0x000000077ab00000)
  from space 10752K, 0% used [0x000000077ab00000,0x000000077ab00000,0x000000077b580000)
  to   space 27136K, 0% used [0x000000077da00000,0x000000077da00000,0x000000077f480000)
 ParOldGen       total 221696K, used 38033K [0x00000006c0000000, 0x00000006cd880000, 0x000000076ab00000)
  object space 221696K, 17% used [0x00000006c0000000,0x00000006c2524578,0x00000006cd880000)
 Metaspace       used 34728K, capacity 35444K, committed 35496K, reserved 1079296K
  class space    used 4461K, capacity 4737K, committed 4776K, reserved 1048576K
}

