# JRE version: Java(TM) SE Runtime Environment (8.0_181-b13) (build 1.8.0_181-b13)
# Java VM: Java HotSpot(TM) 64-Bit Server VM (25.181-b13 mixed mode bsd-amd64 compressed oops)
Heap:
 PSYoungGen      total 153088K, used 75984K [0x000000076ab00000, 0x000000077a380000, 0x00000007c0000000)
  eden space 130048K, 58% used [0x000000076ab00000,0x000000076f534388,0x0000000772a00000)
  from space 23040K, 0% used [0x0000000772a00000,0x0000000772a00000,0x0000000774080000)
  to   space 22528K, 0% used [0x0000000778d80000,0x0000000778d80000,0x000000077a380000)
 ParOldGen       total 185344K, used 24661K [0x00000006c0000000, 0x00000006cb500000, 0x000000076ab00000)
  object space 185344K, 13% used [0x00000006c0000000,0x00000006c1815478,0x00000006cb500000)
 Metaspace       used 56073K, capacity 56776K, committed 57128K, reserved 1097728K
  class space    used 8677K, capacity 8975K, committed 9000K, reserved 1048576K
GC Heap History (10 events):
Event: 2.469 GC heap before
{Heap before GC invocations=5 (full 1):
 PSYoungGen      total 76288K, used 65536K [0x000000076ab00000, 0x0000000774000000, 0x00000007c0000000)
  eden space 65536K, 100% used [0x000000076ab00000,0x000000076eb00000,0x000000076eb00000)
  from space 10752K, 0% used [0x000000076eb00000,0x000000076eb00000,0x000000076f580000)
  to   space 10752K, 0% used [0x0000000773580000,0x0000000773580000,0x0000000774000000)
 ParOldGen       total 115200K, used 9956K [0x00000006c0000000, 0x00000006c7080000, 0x000000076ab00000)
  object space 115200K, 8% used [0x00000006c0000000,0x00000006c09b91b0,0x00000006c7080000)
 Metaspace       used 24105K, capacity 24630K, committed 24960K, reserved 1071104K
  class space    used 2933K, capacity 3114K, committed 3200K, reserved 1048576K
Event: 2.479 GC heap after
Heap after GC invocations=5 (full 1):
 PSYoungGen      total 102912K, used 10743K [0x000000076ab00000, 0x0000000774000000, 0x00000007c0000000)
  eden space 92160K, 0% used [0x000000076ab00000,0x000000076ab00000,0x0000000770500000)
  from space 10752K, 99% used [0x0000000773580000,0x0000000773ffde40,0x0000000774000000)
  to   space 10752K, 0% used [0x0000000772b00000,0x0000000772b00000,0x0000000773580000)
 ParOldGen       total 115200K, used 10426K [0x00000006c0000000, 0x00000006c7080000, 0x000000076ab00000)
  object space 115200K, 9% used [0x00000006c0000000,0x00000006c0a2e890,0x00000006c7080000)
 Metaspace       used 24105K, capacity 24630K, committed 24960K, reserved 1071104K
  class space    used 2933K, capacity 3114K, committed 3200K, reserved 1048576K
}
Event: 2.817 GC heap before
{Heap before GC invocations=6 (full 1):
 PSYoungGen      total 102912K, used 102903K [0x000000076ab00000, 0x0000000774000000, 0x00000007c0000000)
  eden space 92160K, 100% used [0x000000076ab00000,0x0000000770500000,0x0000000770500000)
  from space 10752K, 99% used [0x0000000773580000,0x0000000773ffde40,0x0000000774000000)
  to   space 10752K, 0% used [0x0000000772b00000,0x0000000772b00000,0x0000000773580000)
 ParOldGen       total 115200K, used 10426K [0x00000006c0000000, 0x00000006c7080000, 0x000000076ab00000)
  object space 115200K, 9% used [0x00000006c0000000,0x00000006c0a2e890,0x00000006c7080000)
 Metaspace       used 26051K, capacity 26680K, committed 26752K, reserved 1073152K
  class space    used 3154K, capacity 3417K, committed 3456K, reserved 1048576K
Event: 2.832 GC heap after
Heap after GC invocations=6 (full 1):
 PSYoungGen      total 141824K, used 10745K [0x000000076ab00000, 0x0000000774e80000, 0x00000007c0000000)
  eden space 131072K, 0% used [0x000000076ab00000,0x000000076ab00000,0x0000000772b00000)
  from space 10752K, 99% used [0x0000000772b00000,0x000000077357e420,0x0000000773580000)
  to   space 14336K, 0% used [0x0000000774080000,0x0000000774080000,0x0000000774e80000)
 ParOldGen       total 115200K, used 14609K [0x00000006c0000000, 0x00000006c7080000, 0x000000076ab00000)
  object space 115200K, 12% used [0x00000006c0000000,0x00000006c0e444c0,0x00000006c7080000)
 Metaspace       used 26051K, capacity 26680K, committed 26752K, reserved 1073152K
  class space    used 3154K, capacity 3417K, committed 3456K, reserved 1048576K
}
Event: 3.352 GC heap before
{Heap before GC invocations=7 (full 1):
 PSYoungGen      total 141824K, used 141817K [0x000000076ab00000, 0x0000000774e80000, 0x00000007c0000000)
  eden space 131072K, 100% used [0x000000076ab00000,0x0000000772b00000,0x0000000772b00000)
  from space 10752K, 99% used [0x0000000772b00000,0x000000077357e420,0x0000000773580000)
  to   space 14336K, 0% used [0x0000000774080000,0x0000000774080000,0x0000000774e80000)
 ParOldGen       total 115200K, used 14609K [0x00000006c0000000, 0x00000006c7080000, 0x000000076ab00000)
  object space 115200K, 12% used [0x00000006c0000000,0x00000006c0e444c0,0x00000006c7080000)
 Metaspace       used 31716K, capacity 32464K, committed 32512K, reserved 1077248K
  class space    used 4050K, capacity 4321K, committed 4352K, reserved 1048576K
Event: 3.373 GC heap after
Heap after GC invocations=7 (full 1):
 PSYoungGen      total 144384K, used 14305K [0x000000076ab00000, 0x0000000779e00000, 0x00000007c0000000)
  eden space 130048K, 0% used [0x000000076ab00000,0x000000076ab00000,0x0000000772a00000)
  from space 14336K, 99% used [0x0000000774080000,0x0000000774e785a8,0x0000000774e80000)
  to   space 23040K, 0% used [0x0000000772a00000,0x0000000772a00000,0x0000000774080000)
 ParOldGen       total 115200K, used 27499K [0x00000006c0000000, 0x00000006c7080000, 0x000000076ab00000)
  object space 115200K, 23% used [0x00000006c0000000,0x00000006c1adac48,0x00000006c7080000)
 Metaspace       used 31716K, capacity 32464K, committed 32512K, reserved 1077248K
  class space    used 4050K, capacity 4321K, committed 4352K, reserved 1048576K
}
Event: 3.500 GC heap before
{Heap before GC invocations=8 (full 1):
 PSYoungGen      total 144384K, used 29354K [0x000000076ab00000, 0x0000000779e00000, 0x00000007c0000000)
  eden space 130048K, 11% used [0x000000076ab00000,0x000000076b9b2618,0x0000000772a00000)
  from space 14336K, 99% used [0x0000000774080000,0x0000000774e785a8,0x0000000774e80000)
  to   space 23040K, 0% used [0x0000000772a00000,0x0000000772a00000,0x0000000774080000)
 ParOldGen       total 115200K, used 27499K [0x00000006c0000000, 0x00000006c7080000, 0x000000076ab00000)
  object space 115200K, 23% used [0x00000006c0000000,0x00000006c1adac48,0x00000006c7080000)
 Metaspace       used 34758K, capacity 35440K, committed 35496K, reserved 1079296K
  class space    used 4473K, capacity 4737K, committed 4776K, reserved 1048576K
Event: 3.508 GC heap after
Heap after GC invocations=8 (full 1):
 PSYoungGen      total 153088K, used 16156K [0x000000076ab00000, 0x000000077a380000, 0x00000007c0000000)
  eden space 130048K, 0% used [0x000000076ab00000,0x000000076ab00000,0x0000000772a00000)
  from space 23040K, 70% used [0x0000000772a00000,0x00000007739c7218,0x0000000774080000)
  to   space 22528K, 0% used [0x0000000778d80000,0x0000000778d80000,0x000000077a380000)
 ParOldGen       total 115200K, used 27499K [0x00000006c0000000, 0x00000006c7080000, 0x000000076ab00000)
  object space 115200K, 23% used [0x00000006c0000000,0x00000006c1adac48,0x00000006c7080000)
 Metaspace       used 34758K, capacity 35440K, committed 35496K, reserved 1079296K
  class space    used 4473K, capacity 4737K, committed 4776K, reserved 1048576K
}
Event: 3.508 GC heap before
{Heap before GC invocations=9 (full 2):
 PSYoungGen      total 153088K, used 16156K [0x000000076ab00000, 0x000000077a380000, 0x00000007c0000000)
  eden space 130048K, 0% used [0x000000076ab00000,0x000000076ab00000,0x0000000772a00000)
  from space 23040K, 70% used [0x0000000772a00000,0x00000007739c7218,0x0000000774080000)
  to   space 22528K, 0% used [0x0000000778d80000,0x0000000778d80000,0x000000077a380000)
 ParOldGen       total 115200K, used 27499K [0x00000006c0000000, 0x00000006c7080000, 0x000000076ab00000)
  object space 115200K, 23% used [0x00000006c0000000,0x00000006c1adac48,0x00000006c7080000)
 Metaspace       used 34758K, capacity 35440K, committed 35496K, reserved 1079296K
  class space    used 4473K, capacity 4737K, committed 4776K, reserved 1048576K
Event: 3.559 GC heap after
Heap after GC invocations=9 (full 2):
 PSYoungGen      total 153088K, used 0K [0x000000076ab00000, 0x000000077a380000, 0x00000007c0000000)
  eden space 130048K, 0% used [0x000000076ab00000,0x000000076ab00000,0x0000000772a00000)
  from space 23040K, 0% used [0x0000000772a00000,0x0000000772a00000,0x0000000774080000)
  to   space 22528K, 0% used [0x0000000778d80000,0x0000000778d80000,0x000000077a380000)
 ParOldGen       total 185344K, used 24661K [0x00000006c0000000, 0x00000006cb500000, 0x000000076ab00000)
  object space 185344K, 13% used [0x00000006c0000000,0x00000006c1815478,0x00000006cb500000)
 Metaspace       used 34758K, capacity 35440K, committed 35496K, reserved 1079296K
  class space    used 4473K, capacity 4737K, committed 4776K, reserved 1048576K
}

