# JRE version: Java(TM) SE Runtime Environment (8.0_181-b13) (build 1.8.0_181-b13)
# Java VM: Java HotSpot(TM) 64-Bit Server VM (25.181-b13 mixed mode bsd-amd64 compressed oops)
Heap:
 PSYoungGen      total 360448K, used 95271K [0x000000076ab00000, 0x0000000789680000, 0x00000007c0000000)
  eden space 328704K, 28% used [0x000000076ab00000,0x0000000770809da8,0x000000077ec00000)
  from space 31744K, 0% used [0x0000000780900000,0x0000000780900000,0x0000000782800000)
  to   space 29696K, 0% used [0x000000077ec00000,0x000000077ec00000,0x0000000780900000)
 ParOldGen       total 186880K, used 33226K [0x00000006c0000000, 0x00000006cb680000, 0x000000076ab00000)
  object space 186880K, 17% used [0x00000006c0000000,0x00000006c2072b18,0x00000006cb680000)
 Metaspace       used 56232K, capacity 57112K, committed 57512K, reserved 1097728K
  class space    used 8730K, capacity 9041K, committed 9128K, reserved 1048576K
GC Heap History (10 events):
Event: 1.953 GC heap before
{Heap before GC invocations=4 (full 1):
 PSYoungGen      total 141824K, used 10094K [0x000000076ab00000, 0x000000077c000000, 0x00000007c0000000)
  eden space 131072K, 0% used [0x000000076ab00000,0x000000076ab00000,0x0000000772b00000)
  from space 10752K, 93% used [0x0000000772b00000,0x00000007734dba28,0x0000000773580000)
  to   space 10752K, 0% used [0x000000077b580000,0x000000077b580000,0x000000077c000000)
 ParOldGen       total 175104K, used 32K [0x00000006c0000000, 0x00000006cab00000, 0x000000076ab00000)
  object space 175104K, 0% used [0x00000006c0000000,0x00000006c0008000,0x00000006cab00000)
 Metaspace       used 20796K, capacity 21180K, committed 21296K, reserved 1069056K
  class space    used 2560K, capacity 2676K, committed 2688K, reserved 1048576K
Event: 1.992 GC heap after
Heap after GC invocations=4 (full 1):
 PSYoungGen      total 141824K, used 0K [0x000000076ab00000, 0x000000077c000000, 0x00000007c0000000)
  eden space 131072K, 0% used [0x000000076ab00000,0x000000076ab00000,0x0000000772b00000)
  from space 10752K, 0% used [0x0000000772b00000,0x0000000772b00000,0x0000000773580000)
  to   space 10752K, 0% used [0x000000077b580000,0x000000077b580000,0x000000077c000000)
 ParOldGen       total 110080K, used 9984K [0x00000006c0000000, 0x00000006c6b80000, 0x000000076ab00000)
  object space 110080K, 9% used [0x00000006c0000000,0x00000006c09c02d8,0x00000006c6b80000)
 Metaspace       used 20796K, capacity 21180K, committed 21296K, reserved 1069056K
  class space    used 2560K, capacity 2676K, committed 2688K, reserved 1048576K
}
Event: 2.934 GC heap before
{Heap before GC invocations=5 (full 1):
 PSYoungGen      total 141824K, used 131072K [0x000000076ab00000, 0x000000077c000000, 0x00000007c0000000)
  eden space 131072K, 100% used [0x000000076ab00000,0x0000000772b00000,0x0000000772b00000)
  from space 10752K, 0% used [0x0000000772b00000,0x0000000772b00000,0x0000000773580000)
  to   space 10752K, 0% used [0x000000077b580000,0x000000077b580000,0x000000077c000000)
 ParOldGen       total 110080K, used 9984K [0x00000006c0000000, 0x00000006c6b80000, 0x000000076ab00000)
  object space 110080K, 9% used [0x00000006c0000000,0x00000006c09c02d8,0x00000006c6b80000)
 Metaspace       used 26801K, capacity 27454K, committed 27648K, reserved 1073152K
  class space    used 3228K, capacity 3482K, committed 3584K, reserved 1048576K
Event: 2.948 GC heap after
Heap after GC invocations=5 (full 1):
 PSYoungGen      total 202752K, used 10741K [0x000000076ab00000, 0x000000077c000000, 0x00000007c0000000)
  eden space 192000K, 0% used [0x000000076ab00000,0x000000076ab00000,0x0000000776680000)
  from space 10752K, 99% used [0x000000077b580000,0x000000077bffd6f8,0x000000077c000000)
  to   space 10752K, 0% used [0x000000077ab00000,0x000000077ab00000,0x000000077b580000)
 ParOldGen       total 110080K, used 14388K [0x00000006c0000000, 0x00000006c6b80000, 0x000000076ab00000)
  object space 110080K, 13% used [0x00000006c0000000,0x00000006c0e0d0c8,0x00000006c6b80000)
 Metaspace       used 26801K, capacity 27454K, committed 27648K, reserved 1073152K
  class space    used 3228K, capacity 3482K, committed 3584K, reserved 1048576K
}
Event: 3.480 GC heap before
{Heap before GC invocations=6 (full 1):
 PSYoungGen      total 202752K, used 202741K [0x000000076ab00000, 0x000000077c000000, 0x00000007c0000000)
  eden space 192000K, 100% used [0x000000076ab00000,0x0000000776680000,0x0000000776680000)
  from space 10752K, 99% used [0x000000077b580000,0x000000077bffd6f8,0x000000077c000000)
  to   space 10752K, 0% used [0x000000077ab00000,0x000000077ab00000,0x000000077b580000)
 ParOldGen       total 110080K, used 14388K [0x00000006c0000000, 0x00000006c6b80000, 0x000000076ab00000)
  object space 110080K, 13% used [0x00000006c0000000,0x00000006c0e0d0c8,0x00000006c6b80000)
 Metaspace       used 27250K, capacity 27926K, committed 28160K, reserved 1073152K
  class space    used 3298K, capacity 3554K, committed 3584K, reserved 1048576K
Event: 3.562 GC heap after
Heap after GC invocations=6 (full 1):
 PSYoungGen      total 272896K, used 10747K [0x000000076ab00000, 0x0000000782800000, 0x00000007c0000000)
  eden space 262144K, 0% used [0x000000076ab00000,0x000000076ab00000,0x000000077ab00000)
  from space 10752K, 99% used [0x000000077ab00000,0x000000077b57ede0,0x000000077b580000)
  to   space 31744K, 0% used [0x0000000780900000,0x0000000780900000,0x0000000782800000)
 ParOldGen       total 110080K, used 41461K [0x00000006c0000000, 0x00000006c6b80000, 0x000000076ab00000)
  object space 110080K, 37% used [0x00000006c0000000,0x00000006c287d520,0x00000006c6b80000)
 Metaspace       used 27250K, capacity 27926K, committed 28160K, reserved 1073152K
  class space    used 3298K, capacity 3554K, committed 3584K, reserved 1048576K
}
Event: 3.982 GC heap before
{Heap before GC invocations=7 (full 1):
 PSYoungGen      total 272896K, used 68226K [0x000000076ab00000, 0x0000000782800000, 0x00000007c0000000)
  eden space 262144K, 21% used [0x000000076ab00000,0x000000076e321cf0,0x000000077ab00000)
  from space 10752K, 99% used [0x000000077ab00000,0x000000077b57ede0,0x000000077b580000)
  to   space 31744K, 0% used [0x0000000780900000,0x0000000780900000,0x0000000782800000)
 ParOldGen       total 110080K, used 41461K [0x00000006c0000000, 0x00000006c6b80000, 0x000000076ab00000)
  object space 110080K, 37% used [0x00000006c0000000,0x00000006c287d520,0x00000006c6b80000)
 Metaspace       used 34738K, capacity 35446K, committed 35496K, reserved 1079296K
  class space    used 4443K, capacity 4738K, committed 4776K, reserved 1048576K
Event: 3.999 GC heap after
Heap after GC invocations=7 (full 1):
 PSYoungGen      total 360448K, used 16679K [0x000000076ab00000, 0x0000000789680000, 0x00000007c0000000)
  eden space 328704K, 0% used [0x000000076ab00000,0x000000076ab00000,0x000000077ec00000)
  from space 31744K, 52% used [0x0000000780900000,0x0000000781949ce8,0x0000000782800000)
  to   space 29696K, 0% used [0x000000077ec00000,0x000000077ec00000,0x0000000780900000)
 ParOldGen       total 110080K, used 41469K [0x00000006c0000000, 0x00000006c6b80000, 0x000000076ab00000)
  object space 110080K, 37% used [0x00000006c0000000,0x00000006c287f520,0x00000006c6b80000)
 Metaspace       used 34738K, capacity 35446K, committed 35496K, reserved 1079296K
  class space    used 4443K, capacity 4738K, committed 4776K, reserved 1048576K
}
Event: 3.999 GC heap before
{Heap before GC invocations=8 (full 2):
 PSYoungGen      total 360448K, used 16679K [0x000000076ab00000, 0x0000000789680000, 0x00000007c0000000)
  eden space 328704K, 0% used [0x000000076ab00000,0x000000076ab00000,0x000000077ec00000)
  from space 31744K, 52% used [0x0000000780900000,0x0000000781949ce8,0x0000000782800000)
  to   space 29696K, 0% used [0x000000077ec00000,0x000000077ec00000,0x0000000780900000)
 ParOldGen       total 110080K, used 41469K [0x00000006c0000000, 0x00000006c6b80000, 0x000000076ab00000)
  object space 110080K, 37% used [0x00000006c0000000,0x00000006c287f520,0x00000006c6b80000)
 Metaspace       used 34738K, capacity 35446K, committed 35496K, reserved 1079296K
  class space    used 4443K, capacity 4738K, committed 4776K, reserved 1048576K
Event: 4.050 GC heap after
Heap after GC invocations=8 (full 2):
 PSYoungGen      total 360448K, used 0K [0x000000076ab00000, 0x0000000789680000, 0x00000007c0000000)
  eden space 328704K, 0% used [0x000000076ab00000,0x000000076ab00000,0x000000077ec00000)
  from space 31744K, 0% used [0x0000000780900000,0x0000000780900000,0x0000000782800000)
  to   space 29696K, 0% used [0x000000077ec00000,0x000000077ec00000,0x0000000780900000)
 ParOldGen       total 186880K, used 33226K [0x00000006c0000000, 0x00000006cb680000, 0x000000076ab00000)
  object space 186880K, 17% used [0x00000006c0000000,0x00000006c2072b18,0x00000006cb680000)
 Metaspace       used 34738K, capacity 35446K, committed 35496K, reserved 1079296K
  class space    used 4443K, capacity 4738K, committed 4776K, reserved 1048576K
}

